<?xml version="1.0" encoding="UTF-8" ?>
<testsuite errors="0" failures="1" hostname="ip-172-31-85-164.ec2.internal" name="hellotest" skipped="0" tests="2" time="0.071" timestamp="2019-04-19T15:17:19">
  <properties>
[...]
</properties>
  <testcase classname="hellotest" name="testWillAlwaysFail" time="0.013">
    <failure message="An error message" type="junit.framework.AssertionFailedError">junit.framework.AssertionFailedError: An error message
	at hellotest.testWillAlwaysFail(Unknown Source)
</failure>
  </testcase>
  <testcase classname="hellotest" name="testNothing" time="0.0" />
  <system-out><![CDATA[]]></system-out>
  <system-err><![CDATA[]]></system-err>
</testsuite>
